A4/
AgentSupport/
AIMS/
APP_530_EQDEL_eViper/
APP_APAC_SPP/
APP_Ares/
APP_ATLAS/
APP_AutoSys_EQDEL/
APP_BIMS_Global/
APP_BIMS_ITSMBCA/
APP_BROIL_DATASYNAPSE/
APP_BROIL_OLAP/
APP_BROIL_RETAILEXOTICS/
APP_BSPGSD/
APP_CASH_EQUITY/
APP_CB/
APP_CB_CCCT/
APP_CB_DATASYNAPSE/
APP_CB_MANTICORE/
APP_CB_MANTICORE_7/
APP_CB_MODEL_CACHER/
APP_CB_PORTALPHA/
APP_CB_YC/
APP_CDE/
APP_Client_Connectivity_APAC/
APP_Client_Connectivity_Group/
APP_CLIP/
APP_CPM/
APP_CReW_Test/
APP_CSCHEDULING/
APP_DMA/
APP_ECM_CT_GSD/
APP_EFETDInfra/
App_EQ_GSD_CFT/
APP_EQGSDITCASHAPAC/
APP_EQ_GSD_ML_EMEA/
APP_EQ_GSD_ML_EMEA_TS/
APP_EQ_IT_MARKETLINKS_SUPPORT_APAC/
APP_EqPortal/
APP_EqPortalDerivs/
APP_EQSitescope/
APP_Equity_Data_GSD/
APP_EqWebPerf_E/
APP_ERD_QtreeShared/
APP_ETD_GSD/
APP_ETD_IT_GSD/
APP_Evaluate/
APP_FI_Investor/
APP_FI_Investor_Dev/
APP_FSM_FX_Direct/
APP_FSM_Price_Machine/
APP_GBP/
APP_GESS/
APP_GLOBAL_GENEVA/
APP_GlobalOne/
APP_Group_HR_IT/
APP_GSDBankingProducts/
APP_GSD_CFI_PFCA/
APP_GSD_CMIS/
APP_GSD_DATA/
APP_GSD_DATA_PS/
APP_GSD_DATA_UAT/
APP_GSD_E_DISTRIBUTION/
APP_GSD_ESSOC/
APP_GSD_FCD/
APP_GSD_FI/
APP_GSD_FI_Support/
App_GSD_FUSA_Application_Management/
APP_GSD_GGL/
APP_GSD_GSP/
APP_GSD_IBD_IT_GROUP/
APP_GSD_LNC/
APP_GSD_Martini_GLOBAL/
App_GSD_Operations_Application_Management/
APP_GSD_PFCA_America/
APP_GSD_PFCA_America_GlobalView/
APP_GSD_PFIT_Flash_Global/
APP_GSD_RISK/
APP_GSD_SIGMA/
APP_HR_IT_GSD_Global/
APP_HR_TCM_Support_Global/
APP_HUNDSUN/
APP_IF_CDL/
APP_Informatica/
APP_IT_EQ_Asia_Pacific/
APP_IT_EQ_DEL_GSD/
APP_IT_FX_FSM_Operations/
APP_JetPacCitrix/
APP_MDS_London/
APP_Multimedia/
App_OPS_DSS/
APP_OPS_GCFS_Messaging/
APP_OPS_SSE_GSD_Global/
APP_PB_CST/
APP_PB_CST_UAT/
APP_PnL_Tools/
APP_Radar/
APP_RADAR_GSD/
APP_RADAR_V3/
APP_RAP/
APP_RAPTOR_AU/
APP_RAS_DEV/
APP_Remedy/
APP_Research_Application_Support/
APPRKYC_PIL_Dev/
APP_RKYC_TEST/
APP_RPP/
APP_RPP_v2/
APP_SCGLite_ERD/
APP_SCR/
APP_SETS/
APP_Single_Stock_Trading/
APP_SKC/
APP_SKC_COMPUTE/
APP_SKC_WEB/
APP_SKE/
APP_SKE_CLI/
APP_SKE_DF/
APP_SKE_FIXEX/
APP_SKE_FMQ/
APP_SKE_GL/
APP_SKE_LITE/
APP_SKE_MQ/
APP_SKE_PD/
APP_SKE_SSEX/
APP_SKE_WS/
APP_STPTOM/
APP_Swiskey/
APP_UDP/
APP_US_Program_Trading/
APP_WEBFILER/
APP_Wire/
APP_WIRE_App/
BART/
BAT/
BAT_BASKET/
BAT_CARE/
BAT_STRATEGY/
BroilAppEntityGroup/
BroilBatchEntityGroup/
BroilOSEntityGroup/
Cairo_OTFS/
CB_DSS/
CCT_GSD/
CENTRAL_OPS/
CHAT_FT/
CHEquities/
CMS_Documentum/
Commodities/
COPS/
CRAIG/
CreditBroil/
Credit_Sales/
CTS_Entities/
DBO/
DBServices/
default/
demo/
DMA_TOMSOM/
DMA_TOMSON/
DSS/

EQ_CCG/
EQDEL/
EQDEL_Batch/
EQDEL_eViper/
EQDEL_OpsMgmt/
EQDEL_Rok/
Equities/
ESM_SD/
ESS/
ESX/
etd-gsd/
EUEQ_CFT/
EUEquities/
FEEquities/
FI_ClientSalesUnix/
FI_IRD_Flow/
FIRC_GCT/
FIRC_GSD/
FIRC_IR_Derivatives/
FIRC_TP_APAC/
FIT_GSD/
FIXWEB/
FXITSUN/
FX_Mainframe/
Garytest/
Gdmp/
GLTrade/
GMS/
GMS_New/
GSD_Con_devtst_infra/
GSD_Con_ECP_Deriv_infra/
GSD_Con_ECP_infra/
GSD_Con_GG_Rep_infra/
GSD_Con_ldn_infra/
GSD_Con_ldn_infra_UAT/
GSD_Con_Navigation/
GSD_Con_Navigation_UAT/
GSD_Con_opf_infra/
GSD_Con_opf_infra_UAT/
GSD_Con_SCGLite/
GSD_Con_sng_infra/
GSD_Con_sng_infra_UAT/
GSD_Con_stm_infra/
GSD_Con_stm_infra_UAT/
GSDEDIST_ALL/
GSDEDIST_AxeWeb/
GSD_EQ_Geronimo/
GSD_EQ_HFS/
GSD_EQ_HFS_GROUP/
GSD_EQ_PostExecution/
GSD_HFS_GROUP/
GSD_HFS_Infra_GROUP/
GSD_IBD_IT_GLOBAL/
GUSI/
IDM/
iFOP_RTB/
IMB/
IMS_AMPS/
IMS_BIMS/
IMS_CMS/
IMS_SD/
IMS_WIS/
ISC/
IT_EQ/
IT_EQ_RES_QA/
ITFX_monitoring/
LogisticsMIB/
MA/
Memphis_BP/
MMINFRA/
NETBACKUP/
Network/
NGD/
NT4_Servers/
OASIS/
OPS_CON/
OpsRep/
Predictions/
priya/
Problem_Entities/
ProdOpsEntityGroup/
PSM/
rm_profile/
Rocky/
RockyZH/
roshan_storage_group/
sals_prod/
Scheduling/
SDPC_Entities/
SiteScope/
SKE_CORE/
SMB/
SOC/
SSE_NG/
SSM/
SSZ/
Support/
TEM/
Thunderhead/
tmp/
TP_Reporting/
Troy/
TSC_Group/
UAT_DMA/
UAT_STPTOM/
UBS_Pactual_Infra/
UNIX/
UNIX-UBSCM/
US_Cash/
USEQCC/
USEQPE/
USEQPT/
USEQSS/
USEQStatistics/
USEQTS/
USEquities/
WealthMgmt/
Wintel/
WINTEL/
Wispa_FixedIncome_GSD_Singapore/
WM_APAC/
WMUS_Dbservices/
WPAS/
Yalta/
